\BOOKMARK [1][-]{section.1}{Introduction}{}% 1
\BOOKMARK [1][-]{section.2}{Prerequisites}{}% 2
\BOOKMARK [2][-]{subsection.2.1}{Building CPSW}{section.2}% 3
\BOOKMARK [2][-]{subsection.2.2}{Starting python}{section.2}% 4
\BOOKMARK [2][-]{subsection.2.3}{Starting udpsrv}{section.2}% 5
\BOOKMARK [1][-]{section.3}{First Steps with CPSW}{}% 6
\BOOKMARK [2][-]{subsection.3.1}{Help}{section.3}% 7
\BOOKMARK [2][-]{subsection.3.2}{Paths}{section.3}% 8
\BOOKMARK [2][-]{subsection.3.3}{Entries and Hubs}{section.3}% 9
\BOOKMARK [2][-]{subsection.3.4}{Interfaces of Entries}{section.3}% 10
\BOOKMARK [2][-]{subsection.3.5}{A look at YAML}{section.3}% 11
\BOOKMARK [3][-]{subsubsection.3.5.1}{Trying an Enum Menu}{subsection.3.5}% 12
\BOOKMARK [1][-]{section.4}{Interacting with a Device}{}% 13
\BOOKMARK [2][-]{subsection.4.1}{Description of the Simulated Target}{section.4}% 14
\BOOKMARK [2][-]{subsection.4.2}{The Beauty of YAML}{section.4}% 15
\BOOKMARK [2][-]{subsection.4.3}{Trying it Out}{section.4}% 16
\BOOKMARK [2][-]{subsection.4.4}{Exercise: Writing the CPSW Interface in Python}{section.4}% 17
\BOOKMARK [2][-]{subsection.4.5}{Launching the GUI}{section.4}% 18
\BOOKMARK [1][-]{section.5}{Working with Streams}{}% 19
\BOOKMARK [2][-]{subsection.5.1}{Defining a Stream in YAML}{section.5}% 20
\BOOKMARK [2][-]{subsection.5.2}{Reading from a Stream}{section.5}% 21
\BOOKMARK [3][-]{subsubsection.5.2.1}{A ``Strange Phenomenon''}{subsection.5.2}% 22
\BOOKMARK [2][-]{subsection.5.3}{Exercise}{section.5}% 23
\BOOKMARK [1][-]{section.6}{Writing a CPSW C++ Extension}{}% 24
\BOOKMARK [2][-]{subsection.6.1}{Extension Design Goal}{section.6}% 25
\BOOKMARK [2][-]{subsection.6.2}{Extending an Existing Class}{section.6}% 26
\BOOKMARK [2][-]{subsection.6.3}{Implementation}{section.6}% 27
\BOOKMARK [2][-]{subsection.6.4}{The ``makefile''}{section.6}% 28
\BOOKMARK [2][-]{subsection.6.5}{Cleaning Up ``ModelParm.py''}{section.6}% 29
\BOOKMARK [1][-]{section.7}{Further Reading}{}% 30
